[    0.000000] Linux version 4.15.0-212-generic (buildd@lcy02-amd64-083) (gcc version 7.5.0 (Ubuntu 7.5.0-3ubuntu1~18.04)) #223-Ubuntu SMP Tue May 23 13:09:22 UTC 2023 (Ubuntu 4.15.0-212.223-generic 4.15.18)
[    0.000000] Command line: BOOT_IMAGE=/boot/vmlinuz-4.15.0-212-generic root=LABEL=cloudimg-rootfs ro console=tty1 console=ttyS0
[    0.000000] KERNEL supported cpus:
[    0.000000]   Intel GenuineIntel
[    0.000000]   AMD AuthenticAMD
[    0.000000]   Centaur CentaurHauls
[    0.000000] x86/fpu: Supporting XSAVE feature 0x001: 'x87 floating point registers'
[    0.000000] x86/fpu: Supporting XSAVE feature 0x002: 'SSE registers'
[    0.000000] x86/fpu: Supporting XSAVE feature 0x004: 'AVX registers'
[    0.000000] x86/fpu: xstate_offset[2]:  576, xstate_sizes[2]:  256
[    0.000000] x86/fpu: Enabled xstate features 0x7, context size is 832 bytes, using 'standard' format.
[    0.000000] e820: BIOS-provided physical RAM map:
[    0.000000] BIOS-e820: [mem 0x0000000000000000-0x000000000009fbff] usable
[    0.000000] BIOS-e820: [mem 0x000000000009fc00-0x000000000009ffff] reserved
[    0.000000] BIOS-e820: [mem 0x00000000000f0000-0x00000000000fffff] reserved
[    0.000000] BIOS-e820: [mem 0x0000000000100000-0x000000003ffeffff] usable
[    0.000000] BIOS-e820: [mem 0x000000003fff0000-0x000000003fffffff] ACPI data
[    0.000000] BIOS-e820: [mem 0x00000000fec00000-0x00000000fec00fff] reserved
[    0.000000] BIOS-e820: [mem 0x00000000fee00000-0x00000000fee00fff] reserved
[    0.000000] BIOS-e820: [mem 0x00000000fffc0000-0x00000000ffffffff] reserved
[    0.000000] NX (Execute Disable) protection: active
[    0.000000] SMBIOS 2.5 present.
[    0.000000] DMI: innotek GmbH VirtualBox/VirtualBox, BIOS VirtualBox 12/01/2006
[    0.000000] Hypervisor detected: KVM
[    0.000000] e820: last_pfn = 0x3fff0 max_arch_pfn = 0x400000000
[    0.000000] MTRR: Disabled
[    0.000000] x86/PAT: MTRRs disabled, skipping PAT initialization too.
[    0.000000] CPU MTRRs all blank - virtualized system.
[    0.000000] x86/PAT: Configuration [0-7]: WB  WT  UC- UC  WB  WT  UC- UC  
[    0.000000] found SMP MP-table at [mem 0x0009fff0-0x0009ffff]
[    0.000000] Scanning 1 areas for low memory corruption
[    0.000000] RAMDISK: [mem 0x359cb000-0x36cdcfff]
[    0.000000] ACPI: Early table checksum verification disabled
[    0.000000] ACPI: RSDP 0x00000000000E0000 000024 (v02 VBOX  )
[    0.000000] ACPI: XSDT 0x000000003FFF0030 00003C (v01 VBOX   VBOXXSDT 00000001 ASL  00000061)
[    0.000000] ACPI: FACP 0x000000003FFF00F0 0000F4 (v04 VBOX   VBOXFACP 00000001 ASL  00000061)
[    0.000000] ACPI: DSDT 0x000000003FFF0610 002353 (v02 VBOX   VBOXBIOS 00000002 INTL 20100528)
[    0.000000] ACPI: FACS 0x000000003FFF0200 000040
[    0.000000] ACPI: FACS 0x000000003FFF0200 000040
[    0.000000] ACPI: APIC 0x000000003FFF0240 00005C (v02 VBOX   VBOXAPIC 00000001 ASL  00000061)
[    0.000000] ACPI: SSDT 0x000000003FFF02A0 00036C (v01 VBOX   VBOXCPUT 00000002 INTL 20100528)
[    0.000000] ACPI: Reserving FACP table memory at [mem 0x3fff00f0-0x3fff01e3]
[    0.000000] ACPI: Reserving DSDT table memory at [mem 0x3fff0610-0x3fff2962]
[    0.000000] ACPI: Reserving FACS table memory at [mem 0x3fff0200-0x3fff023f]
[    0.000000] ACPI: Reserving FACS table memory at [mem 0x3fff0200-0x3fff023f]
[    0.000000] ACPI: Reserving APIC table memory at [mem 0x3fff0240-0x3fff029b]
[    0.000000] ACPI: Reserving SSDT table memory at [mem 0x3fff02a0-0x3fff060b]
[    0.000000] No NUMA configuration found
[    0.000000] Faking a node at [mem 0x0000000000000000-0x000000003ffeffff]
[    0.000000] NODE_DATA(0) allocated [mem 0x3ffc5000-0x3ffeffff]
[    0.000000] kvm-clock: cpu 0, msr 0:3ff44001, primary cpu clock
[    0.000000] kvm-clock: Using msrs 4b564d01 and 4b564d00
[    0.000000] kvm-clock: using sched offset of 3333290629 cycles
[    0.000000] clocksource: kvm-clock: mask: 0xffffffffffffffff max_cycles: 0x1cd42e4dffb, max_idle_ns: 881590591483 ns
[    0.000000] Zone ranges:
[    0.000000]   DMA      [mem 0x0000000000001000-0x0000000000ffffff]
[    0.000000]   DMA32    [mem 0x0000000001000000-0x000000003ffeffff]
[    0.000000]   Normal   empty
[    0.000000]   Device   empty
[    0.000000] Movable zone start for each node
[    0.000000] Early memory node ranges
[    0.000000]   node   0: [mem 0x0000000000001000-0x000000000009efff]
[    0.000000]   node   0: [mem 0x0000000000100000-0x000000003ffeffff]
[    0.000000] Reserved but unavailable: 104 pages
[    0.000000] Initmem setup node 0 [mem 0x0000000000001000-0x000000003ffeffff]
[    0.000000] ACPI: PM-Timer IO Port: 0x4008
[    0.000000] IOAPIC[0]: apic_id 2, version 32, address 0xfec00000, GSI 0-23
[    0.000000] ACPI: INT_SRC_OVR (bus 0 bus_irq 0 global_irq 2 dfl dfl)
[    0.000000] ACPI: INT_SRC_OVR (bus 0 bus_irq 9 global_irq 9 low level)
[    0.000000] Using ACPI (MADT) for SMP configuration information
[    0.000000] smpboot: Allowing 2 CPUs, 0 hotplug CPUs
[    0.000000] PM: Registered nosave memory: [mem 0x00000000-0x00000fff]
[    0.000000] PM: Registered nosave memory: [mem 0x0009f000-0x0009ffff]
[    0.000000] PM: Registered nosave memory: [mem 0x000a0000-0x000effff]
[    0.000000] PM: Registered nosave memory: [mem 0x000f0000-0x000fffff]
[    0.000000] e820: [mem 0x40000000-0xfebfffff] available for PCI devices
[    0.000000] Booting paravirtualized kernel on KVM
[    0.000000] clocksource: refined-jiffies: mask: 0xffffffff max_cycles: 0xffffffff, max_idle_ns: 7645519600211568 ns
[    0.000000] setup_percpu: NR_CPUS:8192 nr_cpumask_bits:2 nr_cpu_ids:2 nr_node_ids:1
[    0.000000] percpu: Embedded 50 pages/cpu s167936 r8192 d28672 u1048576
[    0.000000] PV qspinlock hash table entries: 256 (order: 0, 4096 bytes)
[    0.000000] Built 1 zonelists, mobility grouping on.  Total pages: 257913
[    0.000000] Policy zone: DMA32
[    0.000000] Kernel command line: BOOT_IMAGE=/boot/vmlinuz-4.15.0-212-generic root=LABEL=cloudimg-rootfs ro console=tty1 console=ttyS0
[    0.000000] Memory: 982644K/1048120K available (12300K kernel code, 2477K rwdata, 4324K rodata, 2480K init, 2720K bss, 65476K reserved, 0K cma-reserved)
[    0.000000] SLUB: HWalign=64, Order=0-3, MinObjects=0, CPUs=2, Nodes=1
[    0.000000] ftrace: allocating 39508 entries in 155 pages
[    0.004000] Hierarchical RCU implementation.
[    0.004000] 	RCU restricting CPUs from NR_CPUS=8192 to nr_cpu_ids=2.
[    0.004000] 	Tasks RCU enabled.
[    0.004000] RCU: Adjusting geometry for rcu_fanout_leaf=16, nr_cpu_ids=2
[    0.004000] NR_IRQS: 524544, nr_irqs: 440, preallocated irqs: 16
[    0.004000] random: crng init done
[    0.004000] Console: colour VGA+ 80x25
[    0.004000] console [tty1] enabled
[    0.004000] console [ttyS0] enabled
[    0.004000] ACPI: Core revision 20170831
[    0.004000] ACPI: 2 ACPI AML tables successfully acquired and loaded
[    0.004000] APIC: Switch to symmetric I/O mode setup
[    0.004000] x2apic enabled
[    0.004000] Switched APIC routing to physical x2apic.
[    0.004000] ..TIMER: vector=0x30 apic1=0 pin1=2 apic2=-1 pin2=-1
[    0.004000] tsc: Detected 2496.002 MHz processor
[    0.004007] Calibrating delay loop (skipped) preset value.. 4992.00 BogoMIPS (lpj=9984008)
[    0.005007] pid_max: default: 32768 minimum: 301
[    0.005574] Security Framework initialized
[    0.006102] Yama: becoming mindful.
[    0.006552] AppArmor: AppArmor initialized
[    0.008000] Dentry cache hash table entries: 131072 (order: 8, 1048576 bytes)
[    0.008900] Inode-cache hash table entries: 65536 (order: 7, 524288 bytes)
[    0.009746] Mount-cache hash table entries: 2048 (order: 2, 16384 bytes)
[    0.012005] Mountpoint-cache hash table entries: 2048 (order: 2, 16384 bytes)
[    0.013107] Last level iTLB entries: 4KB 64, 2MB 8, 4MB 8
[    0.013798] Last level dTLB entries: 4KB 64, 2MB 0, 4MB 0, 1GB 4
[    0.014572] Spectre V1 : Mitigation: usercopy/swapgs barriers and __user pointer sanitization
[    0.016003] Spectre V2 : Mitigation: Retpolines
[    0.016570] Spectre V2 : Spectre v2 / SpectreRSB mitigation: Filling RSB on context switch
[    0.017586] Spectre V2 : Spectre v2 / SpectreRSB : Filling RSB on VMEXIT
[    0.018388] RETBleed: WARNING: Spectre v2 mitigation leaves CPU vulnerable to RETBleed attacks, data leaks possible!
[    0.019630] RETBleed: Vulnerable
[    0.020002] Speculative Store Bypass: Vulnerable
[    0.020653] MMIO Stale Data: Vulnerable: Clear CPU buffers attempted, no microcode
[    0.021666] SRBDS: Unknown: Dependent on hypervisor status
[    0.022460] Freeing SMP alternatives memory: 36K
[    0.132620] smpboot: CPU0: Intel(R) Core(TM) i5-10300H CPU @ 2.50GHz (family: 0x6, model: 0xa5, stepping: 0x2)
[    0.134392] Performance Events: unsupported p6 CPU model 165 no PMU driver, software events only.
[    0.135537] Hierarchical SRCU implementation.
[    0.136000] NMI watchdog: Perf event create on CPU 0 failed with -2
[    0.136001] NMI watchdog: Perf NMI watchdog permanently disabled
[    0.136761] smp: Bringing up secondary CPUs ...
[    0.137458] x86: Booting SMP configuration:
[    0.138171] .... node  #0, CPUs:      #1
[    0.004000] kvm-clock: cpu 1, msr 0:3ff44041, secondary cpu clock
[    0.142207] smp: Brought up 1 node, 2 CPUs
[    0.142207] smpboot: Max logical packages: 1
[    0.142207] smpboot: Total of 2 processors activated (9984.00 BogoMIPS)
[    0.144079] devtmpfs: initialized
[    0.144467] x86/mm: Memory block size: 128MB
[    0.145181] evm: security.selinux
[    0.145647] evm: security.SMACK64
[    0.146107] evm: security.SMACK64EXEC
[    0.146617] evm: security.SMACK64TRANSMUTE
[    0.147149] evm: security.SMACK64MMAP
[    0.147630] evm: security.apparmor
[    0.148002] evm: security.ima
[    0.148396] evm: security.capability
[    0.148923] clocksource: jiffies: mask: 0xffffffff max_cycles: 0xffffffff, max_idle_ns: 7645041785100000 ns
[    0.149235] futex hash table entries: 512 (order: 3, 32768 bytes)
[    0.150007] pinctrl core: initialized pinctrl subsystem
[    0.152069] RTC time:  8:28:20, date: 09/04/24
[    0.152745] NET: Registered protocol family 16
[    0.156051] audit: initializing netlink subsys (disabled)
[    0.156756] audit: type=2000 audit(1725438505.153:1): state=initialized audit_enabled=0 res=1
[    0.157062] cpuidle: using governor ladder
[    0.157062] cpuidle: using governor menu
[    0.157096] ACPI: bus type PCI registered
[    0.157621] acpiphp: ACPI Hot Plug PCI Controller Driver version: 0.5
[    0.160064] PCI: Using configuration type 1 for base access
[    0.160806] HugeTLB registered 2.00 MiB page size, pre-allocated 0 pages
[    0.160852] ACPI: Added _OSI(Module Device)
[    0.160852] ACPI: Added _OSI(Processor Device)
[    0.164006] ACPI: Added _OSI(3.0 _SCP Extensions)
[    0.164604] ACPI: Added _OSI(Processor Aggregator Device)
[    0.165275] ACPI: Added _OSI(Linux-Dell-Video)
[    0.165838] ACPI: Added _OSI(Linux-Lenovo-NV-HDMI-Audio)
[    0.166521] ACPI: Added _OSI(Linux-HPI-Hybrid-Graphics)
[    0.167379] ACPI: Executed 1 blocks of module-level executable AML code
[    0.170252] ACPI: Interpreter enabled
[    0.170739] ACPI: (supports S0 S5)
[    0.171188] ACPI: Using IOAPIC for interrupt routing
[    0.172158] PCI: Using host bridge windows from ACPI; if necessary, use "pci=nocrs" and report a bug
[    0.173397] ACPI: Enabled 2 GPEs in block 00 to 07
[    0.178299] ACPI: PCI Root Bridge [PCI0] (domain 0000 [bus 00-ff])
[    0.179065] acpi PNP0A03:00: _OSC: OS supports [ASPM ClockPM Segments MSI]
[    0.180000] acpi PNP0A03:00: _OSC: not requesting OS control; OS requires [ExtendedConfig ASPM ClockPM MSI]
[    0.180009] acpi PNP0A03:00: fail to add MMCONFIG information, can't access extended PCI configuration space under this bridge.
[    0.181674] PCI host bridge to bus 0000:00
[    0.182201] pci_bus 0000:00: root bus resource [io  0x0000-0x0cf7 window]
[    0.184003] pci_bus 0000:00: root bus resource [io  0x0d00-0xffff window]
[    0.184830] pci_bus 0000:00: root bus resource [mem 0x000a0000-0x000bffff window]
[    0.185791] pci_bus 0000:00: root bus resource [mem 0x40000000-0xfdffffff window]
[    0.186738] pci_bus 0000:00: root bus resource [bus 00-ff]
[    0.189361] pci 0000:00:01.1: legacy IDE quirk: reg 0x10: [io  0x01f0-0x01f7]
[    0.190231] pci 0000:00:01.1: legacy IDE quirk: reg 0x14: [io  0x03f6]
[    0.191031] pci 0000:00:01.1: legacy IDE quirk: reg 0x18: [io  0x0170-0x0177]
[    0.192002] pci 0000:00:01.1: legacy IDE quirk: reg 0x1c: [io  0x0376]
[    0.202345] pci 0000:00:07.0: quirk: [io  0x4000-0x403f] claimed by PIIX4 ACPI
[    0.203327] pci 0000:00:07.0: quirk: [io  0x4100-0x410f] claimed by PIIX4 SMB
[    0.210258] ACPI: PCI Interrupt Link [LNKA] (IRQs 5 9 10 *11)
[    0.211234] ACPI: PCI Interrupt Link [LNKB] (IRQs 5 9 *10 11)
[    0.212000] ACPI: PCI Interrupt Link [LNKC] (IRQs 5 *9 10 11)
[    0.212089] ACPI: PCI Interrupt Link [LNKD] (IRQs 5 9 10 *11)
[    0.213111] SCSI subsystem initialized
[    0.213733] pci 0000:00:02.0: vgaarb: setting as boot VGA device
[    0.213733] pci 0000:00:02.0: vgaarb: VGA device added: decodes=io+mem,owns=io+mem,locks=none
[    0.213916] pci 0000:00:02.0: vgaarb: bridge control possible
[    0.216008] vgaarb: loaded
[    0.216402] ACPI: bus type USB registered
[    0.216927] usbcore: registered new interface driver usbfs
[    0.217603] usbcore: registered new interface driver hub
[    0.218347] usbcore: registered new device driver usb
[    0.219050] EDAC MC: Ver: 3.0.0
[    0.220144] PCI: Using ACPI for IRQ routing
[    0.220909] NetLabel: Initializing
[    0.221391] NetLabel:  domain hash size = 128
[    0.221948] NetLabel:  protocols = UNLABELED CIPSOv4 CALIPSO
[    0.222648] NetLabel:  unlabeled traffic allowed by default
[    0.224052] clocksource: Switched to clocksource kvm-clock
[    0.246193] VFS: Disk quotas dquot_6.6.0
[    0.246749] VFS: Dquot-cache hash table entries: 512 (order 0, 4096 bytes)
[    0.247664] AppArmor: AppArmor Filesystem Enabled
[    0.248295] pnp: PnP ACPI init
[    0.249480] pnp: PnP ACPI: found 3 devices
[    0.257432] clocksource: acpi_pm: mask: 0xffffff max_cycles: 0xffffff, max_idle_ns: 2085701024 ns
[    0.258574] NET: Registered protocol family 2
[    0.259165] IP idents hash table entries: 16384 (order: 5, 131072 bytes)
[    0.262788] TCP established hash table entries: 8192 (order: 4, 65536 bytes)
[    0.263888] TCP bind hash table entries: 8192 (order: 5, 131072 bytes)
[    0.264737] TCP: Hash tables configured (established 8192 bind 8192)
[    0.265544] UDP hash table entries: 512 (order: 2, 16384 bytes)
[    0.266310] UDP-Lite hash table entries: 512 (order: 2, 16384 bytes)
[    0.267127] NET: Registered protocol family 1
[    0.267701] pci 0000:00:00.0: Limiting direct PCI/PCI transfers
[    0.268470] pci 0000:00:01.0: Activating ISA DMA hang workarounds
[    0.269258] pci 0000:00:02.0: Video device with shadowed ROM at [mem 0x000c0000-0x000dffff]
[    0.270374] Unpacking initramfs...
[    0.551221] Freeing initrd memory: 19528K
[    0.551855] clocksource: tsc: mask: 0xffffffffffffffff max_cycles: 0x23fa79125d1, max_idle_ns: 440795329579 ns
[    0.553158] platform rtc_cmos: registered platform RTC device (no PNP device found)
[    0.554166] Scanning for low memory corruption every 60 seconds
[    0.555317] Initialise system trusted keyrings
[    0.555897] Key type blacklist registered
[    0.556495] workingset: timestamp_bits=36 max_order=18 bucket_order=0
[    0.557904] zbud: loaded
[    0.558611] squashfs: version 4.0 (2009/01/31) Phillip Lougher
[    0.559435] fuse init (API version 7.26)
[    0.561182] Key type asymmetric registered
[    0.561712] Asymmetric key parser 'x509' registered
[    0.562341] Block layer SCSI generic (bsg) driver version 0.4 loaded (major 246)
[    0.563300] io scheduler noop registered
[    0.563808] io scheduler deadline registered
[    0.564392] io scheduler cfq registered (default)
[    0.565180] ACPI: AC Adapter [AC] (on-line)
[    0.565751] input: Power Button as /devices/LNXSYSTM:00/LNXPWRBN:00/input/input0
[    0.566739] ACPI: Power Button [PWRF]
[    0.567277] input: Sleep Button as /devices/LNXSYSTM:00/LNXSLPBN:00/input/input1
[    0.568216] ACPI: Sleep Button [SLPF]
[    0.568939] Serial: 8250/16550 driver, 32 ports, IRQ sharing enabled
[    0.569453] ACPI: Battery Slot [BAT0] (battery present)
[    0.590580] 00:02: ttyS0 at I/O 0x3f8 (irq = 4, base_baud = 115200) is a 16550A
[    0.592405] Linux agpgart interface v0.103
[    0.595991] loop: module loaded
[    0.596885] scsi host0: ata_piix
[    0.597408] scsi host1: ata_piix
[    0.597860] ata1: PATA max UDMA/33 cmd 0x1f0 ctl 0x3f6 bmdma 0xd000 irq 14
[    0.598697] ata2: PATA max UDMA/33 cmd 0x170 ctl 0x376 bmdma 0xd008 irq 15
[    0.599754] tun: Universal TUN/TAP device driver, 1.6
[    0.600459] PPP generic driver version 2.4.2
[    0.601046] ehci_hcd: USB 2.0 'Enhanced' Host Controller (EHCI) Driver
[    0.601869] ehci-pci: EHCI PCI platform driver
[    0.602445] ehci-platform: EHCI generic platform driver
[    0.603115] ohci_hcd: USB 1.1 'Open' Host Controller (OHCI) Driver
[    0.603875] ohci-pci: OHCI PCI platform driver
[    0.604473] ohci-platform: OHCI generic platform driver
[    0.605135] uhci_hcd: USB Universal Host Controller Interface driver
[    0.605955] i8042: PNP: PS/2 Controller [PNP0303:PS2K,PNP0f03:PS2M] at 0x60,0x64 irq 1,12
[    0.607467] serio: i8042 KBD port at 0x60,0x64 irq 1
[    0.608100] serio: i8042 AUX port at 0x60,0x64 irq 12
[    0.608909] mousedev: PS/2 mouse device common for all mice
[    0.609882] input: AT Translated Set 2 keyboard as /devices/platform/i8042/serio0/input/input2
[    0.611243] rtc_cmos rtc_cmos: rtc core: registered rtc_cmos as rtc0
[    0.612090] rtc_cmos rtc_cmos: alarms up to one day, 114 bytes nvram
[    0.612889] i2c /dev entries driver
[    0.613412] device-mapper: uevent: version 1.0.3
[    0.614017] device-mapper: ioctl: 4.37.0-ioctl (2017-09-20) initialised: dm-devel@redhat.com
[    0.615197] ledtrig-cpu: registered to indicate activity on CPUs
[    0.616216] NET: Registered protocol family 10
[    0.620296] Segment Routing with IPv6
[    0.620787] NET: Registered protocol family 17
[    0.621439] Key type dns_resolver registered
[    0.622128] mce: Using 0 MCE banks
[    0.622579] RAS: Correctable Errors collector initialized.
[    0.623298] sched_clock: Marking stable (622069452, 0)->(740018245, -117948793)
[    0.624513] registered taskstats version 1
[    0.625069] Loading compiled-in X.509 certificates
[    0.627094] Loaded X.509 cert 'Build time autogenerated kernel key: b5b26778eaa3ab3a4a6cee031137706e947d12ad'
[    0.628761] Loaded X.509 cert 'Canonical Ltd. Live Patch Signing: 14df34d1a87cf37625abec039ef2bf521249b969'
[    0.630737] Loaded X.509 cert 'Canonical Ltd. Kernel Module Signing: 88f752e560a1e0737e31163a466ad7b70a850c19'
[    0.631949] blacklist: Loading compiled-in revocation X.509 certificates
[    0.632796] Loaded X.509 cert 'Canonical Ltd. Secure Boot Signing: 61482aa2830d0ab2ad5af10b7250da9033ddcef0'
[    0.633997] Loaded X.509 cert 'Canonical Ltd. Secure Boot Signing (2017): 242ade75ac4a15e50d50c84b0d45ff3eae707a03'
[    0.635261] Loaded X.509 cert 'Canonical Ltd. Secure Boot Signing (ESM 2018): 365188c1d374d6b07c3c8f240f8ef722433d6a8b'
[    0.636583] Loaded X.509 cert 'Canonical Ltd. Secure Boot Signing (2019): c0746fd6c5da3ae827864651ad66ae47fe24b3e8'
[    0.637849] Loaded X.509 cert 'Canonical Ltd. Secure Boot Signing (2021 v1): a8d54bbb3825cfb94fa13c9f8a594a195c107b8d'
[    0.639144] Loaded X.509 cert 'Canonical Ltd. Secure Boot Signing (2021 v2): 4cf046892d6fd3c9a5b03f98d845f90851dc6a8c'
[    0.640486] Loaded X.509 cert 'Canonical Ltd. Secure Boot Signing (2021 v3): 100437bb6de6e469b581e61cd66bce3ef4ed53af'
[    0.641783] Loaded X.509 cert 'Canonical Ltd. Secure Boot Signing (Ubuntu Core 2019): c1d57b8f6b743f23ee41f4f7ee292f06eecadfb9'
[    0.643168] zswap: loaded using pool lzo/zbud
[    0.646041] Key type big_key registered
[    0.646545] Key type trusted registered
[    0.648327] Key type encrypted registered
[    0.648848] AppArmor: AppArmor sha1 policy hashing enabled
[    0.649544] ima: No TPM chip found, activating TPM-bypass! (rc=-19)
[    0.650326] ima: Allocated hash algorithm: sha1
[    0.650928] evm: HMAC attrs: 0x1
[    0.651553]   Magic number: 8:92:472
[    0.652061] acpi LNXSYSTM:00: hash matches
[    0.652652] rtc_cmos rtc_cmos: setting system clock to 2024-09-04 08:28:21 UTC (1725438501)
[    0.653766] BIOS EDD facility v0.16 2004-Jun-25, 0 devices found
[    0.654506] EDD information not available.
[    0.795656] Freeing unused kernel image memory: 2480K
[    0.808433] Write protecting the kernel read-only data: 20480k
[    0.809643] Freeing unused kernel image memory: 2008K
[    0.810490] Freeing unused kernel image memory: 1820K
[    0.817261] x86/mm: Checked W+X mappings: passed, no W+X pages found.
Loading, please wait...
starting version 237
[    0.863294] e1000: Intel(R) PRO/1000 Network Driver - version 7.3.21-k8-NAPI
[    0.864356] e1000: Copyright (c) 1999-2006 Intel Corporation.
[    0.868526] Fusion MPT base driver 3.04.20
[    0.869090] Copyright (c) 1999-2008 LSI Corporation
[    0.878583] Fusion MPT SPI Host driver 3.04.20
[    0.887898] AVX2 version of gcm_enc/dec engaged.
[    0.888540] AES CTR mode by8 optimization enabled
[    1.087862] input: ImExPS/2 Generic Explorer Mouse as /devices/platform/i8042/serio1/input/input4
[    1.419464] e1000 0000:00:03.0 eth0: (PCI:33MHz:32-bit) 02:3b:7b:b7:3b:2d
[    1.420706] e1000 0000:00:03.0 eth0: Intel(R) PRO/1000 Network Connection
[    1.423011] mptbase: ioc0: Initiating bringup
[    3.133231] ioc0: LSI53C1030 A0: Capabilities={Initiator}
[    5.541553] scsi host2: ioc0: LSI53C1030 A0, FwRev=00000000h, Ports=1, MaxQ=256, IRQ=20
[    8.145072] scsi 2:0:0:0: Direct-Access     VBOX     HARDDISK         1.0  PQ: 0 ANSI: 5
[    8.183117] scsi target2:0:0: Beginning Domain Validation
[    8.184808] scsi target2:0:0: Domain Validation skipping write tests
[    8.185680] scsi target2:0:0: Ending Domain Validation
[    8.186740] scsi target2:0:0: asynchronous
[    8.187786] scsi 2:0:1:0: Direct-Access     VBOX     HARDDISK         1.0  PQ: 0 ANSI: 5
[    8.472469] scsi target2:0:1: Beginning Domain Validation
[    8.474020] scsi target2:0:1: Domain Validation skipping write tests
[    8.474866] scsi target2:0:1: Ending Domain Validation
[    8.475569] scsi target2:0:1: asynchronous
[    8.479287] sd 2:0:0:0: [sda] 83886080 512-byte logical blocks: (42.9 GB/40.0 GiB)
[    8.480303] sd 2:0:0:0: [sda] Write Protect is off
[    8.480988] sd 2:0:0:0: [sda] Incomplete mode parameter data
[    8.481701] sd 2:0:0:0: [sda] Assuming drive cache: write through
[    8.482563] sd 2:0:0:0: Attached scsi generic sg0 type 0
[    8.483765] sd 2:0:1:0: [sdb] 20480 512-byte logical blocks: (10.5 MB/10.0 MiB)
[    8.484842] sd 2:0:1:0: [sdb] Write Protect is off
[    8.485519] sd 2:0:1:0: [sdb] Incomplete mode parameter data
[    8.486260] sd 2:0:1:0: [sdb] Assuming drive cache: write through
[    8.487088] sd 2:0:1:0: Attached scsi generic sg1 type 0
[    8.489035]  sda: sda1
[    8.490419] sd 2:0:1:0: [sdb] Attached SCSI disk
[    8.492413] sd 2:0:0:0: [sda] Attached SCSI disk
[    8.502336] e1000 0000:00:08.0 eth1: (PCI:33MHz:32-bit) 08:00:27:8d:f6:e7
[    8.503224] e1000 0000:00:08.0 eth1: Intel(R) PRO/1000 Network Connection
[    8.505587] e1000 0000:00:03.0 enp0s3: renamed from eth0
[    8.536711] e1000 0000:00:08.0 enp0s8: renamed from eth1
Begin: Loading essential drivers ... [    9.894764] raid6: sse2x1   gen() 18949 MB/s
[    9.942788] raid6: sse2x1   xor()  8895 MB/s
[    9.990823] raid6: sse2x2   gen() 18657 MB/s
[   10.039268] raid6: sse2x2   xor() 12346 MB/s
[   10.103336] raid6: sse2x4   gen() 25485 MB/s
[   10.151336] raid6: sse2x4   xor() 11681 MB/s
[   10.215323] raid6: avx2x1   gen() 38155 MB/s
[   10.279398] raid6: avx2x1   xor() 22352 MB/s
[   10.328085] raid6: avx2x2   gen() 30463 MB/s
[   10.376101] raid6: avx2x2   xor() 21195 MB/s
[   10.424088] raid6: avx2x4   gen() 36769 MB/s
[   10.472045] raid6: avx2x4   xor() 21868 MB/s
[   10.472819] raid6: using algorithm avx2x1 gen() 38155 MB/s
[   10.473815] raid6: .... xor() 22352 MB/s, rmw enabled
[   10.474522] raid6: using avx2x2 recovery algorithm
[   10.476237] xor: automatically using best checksumming function   avx       
[   10.478095] async_tx: api initialized (async)
done.
Begin: Running /scripts/init-premount ... done.
Begin: Mounting root file system ... Begin: Running /scripts/local-top ... done.
Begin: Running /scripts/local-premount ... [   10.510428] Btrfs loaded, crc32c=crc32c-intel
Scanning for Btrfs filesystems
done.
Warning: fsck not present, so skipping root file system
[   10.532671] EXT4-fs (sda1): mounted filesystem with ordered data mode. Opts: (null)
done.
Begin: Running /scripts/local-bottom ... done.
Begin: Running /scripts/init-bottom ... done.
[   10.693679] ip_tables: (C) 2000-2006 Netfilter Core Team
[   10.699226] systemd[1]: systemd 237 running in system mode. (+PAM +AUDIT +SELINUX +IMA +APPARMOR +SMACK +SYSVINIT +UTMP +LIBCRYPTSETUP +GCRYPT +GNUTLS +ACL +XZ +LZ4 +SECCOMP +BLKID +ELFUTILS +KMOD -IDN2 +IDN -PCRE2 default-hierarchy=hybrid)
[   10.701873] systemd[1]: Detected virtualization oracle.
[   10.702543] systemd[1]: Detected architecture x86-64.

Welcome to [1mUbuntu 18.04.6 LTS[0m!

[   10.706084] systemd[1]: Set hostname to <ubuntu>.
[   10.708004] systemd[1]: Initializing machine ID from random generator.
[   10.708923] systemd[1]: Installed transient /etc/machine-id file.
[   10.861344] systemd[1]: Created slice System Slice.
[[0;32m  OK  [0m] Created slice System Slice.
[   10.862591] systemd[1]: Listening on Journal Socket.
[[0;32m  OK  [0m] Listening on Journal Socket.
[   10.863653] systemd[1]: Listening on fsck to fsckd communication Socket.
[[0;32m  OK  [0m] Listening on fsck to fsckd communication Socket.
[   10.865033] systemd[1]: Reached target Swap.
[[0;32m  OK  [0m] Reached target Swap.
         Mounting Kernel Debug File System...
[[0;32m  OK  [0m] Listening on Device-mapper event daemon FIFOs.
         Mounting POSIX Message Queue File System...
[[0;32m  OK  [0m] Reached target Mounting snaps.
         Mounting Huge Pages File System...
[[0;32m  OK  [0m] Reached target User and Group Name Lookups.
[[0;32m  OK  [0m] Listening on udev Control Socket.
         Starting Create list of required st…ce nodes for the current kernel...
[[0;32m  OK  [0m] Listening on udev Kernel Socket.
         Starting udev Coldplug all Devices...
[[0;32m  OK  [0m] Listening on Journal Socket (/dev/log).
         Starting Load Kernel Modules...
[[0;32m  OK  [0m] Listening on Network Service Netlink Socket.
[[0;32m  OK  [0m] Listening on LVM2 metadata daemon socket.
[[0;32m  OK  [0m] Listening on Syslog Socket.
         Starting Uncomplicated firewall...
[[0;32m  OK  [0m] Reached target Mounted snaps.
[[0;32m  OK  [0m] Reached target System Time Synchronized.
[[0;32m  OK  [0m] Created slice system-serial\x2dgetty.slice.
[[0;32m  OK  [0m] Created slice User and Session Slice.
[[0;32m  OK  [0m] Reached target Slices.
[[0;32m  OK  [0m] Listening on Journal Audit Socket.
         Starting Journal Service...
[[0;32m  OK  [0m] Set up automount Arbitrary Executab…rmats File System Automount Point.
[   10.904581] Loading iSCSI transport class v2.0-870.
[[0;32m  OK  [0m] Started Forward Password Requests to Wall Directory Watch.
[[0;32m  OK  [0m] Listening on LVM2 poll daemon socket.
[[0;32m  OK  [0m] Listening on /dev/initctl Compatibility Named Pipe.
         Starting File System Check on Root Device...
         Starting Monitoring of LVM2 mirrors…ng dmeventd or progress polling...
         Starting Set the console keyboard layout...
[[0;32m  OK  [0m] Mounted Kernel Debug File System.
[[0;32m  OK  [0m] Mounted POSIX Message Queue File System.
[[0;32m  OK  [0m] Mounted Huge Pages File System.
[[0;32m  OK  [0m] Started Create list of required sta…vice nodes for the current kernel.
[[0;32m  OK  [0m] Started Uncomplicated firewall.
         Starting Create Static Device Nodes in /dev...
[[0;32m  OK  [0m] Started File System Check Daemon to report status.
[[0;32m  OK  [0m] Started Journal Service.
[[0;32m  OK  [0m] Started udev Coldplug all Devices.
[[0;32m  OK  [0m] Started LVM2 metadata daemon.
[   10.959647] iscsi: registered transport (tcp)
[   10.970166] iscsi: registered transport (iser)
[[0;32m  OK  [0m] Started Load Kernel Modules.
         Mounting FUSE Control File System...
         Mounting Kernel Configuration File System...
         Starting Apply Kernel Variables...
[[0;32m  OK  [0m] Mounted Kernel Configuration File System.
[[0;32m  OK  [0m] Mounted FUSE Control File System.
[[0;32m  OK  [0m] Started Create Static Device Nodes in /dev.
[[0;32m  OK  [0m] Started File System Check on Root Device.
         Starting Remount Root and Kernel File Systems...
[[0;32m  OK  [0m] Started Monitoring of LVM2 mirrors,…sing dmeventd or progress polling.
[[0;32m  OK  [0m] Started Apply Kernel Variables.
[[0;32m  OK  [0m] Started Remount Root and Kernel File Systems.
         Starting Load/Save Random Seed...
         Starting udev Kernel Device Manager...
         Starting Flush Journal to Persistent Storage...
[[0;32m  OK  [0m] Started Load/Save Random Seed.
[[0;32m  OK  [0m] Started udev Kernel Device Manager.
[[0;32m  OK  [0m] Started Flush Journal to Persistent Storage.
[[0;32m  OK  [0m] Found device /dev/ttyS0.
[[0;32m  OK  [0m] Listening on Load/Save RF Kill Switch Status /dev/rfkill Watch.
         Mounting Arbitrary Executable File Formats File System...
[[0;32m  OK  [0m] Mounted Arbitrary Executable File Formats File System.
[[0;32m  OK  [0m] Started Set the console keyboard layout.
[[0;32m  OK  [0m] Reached target Local File Systems (Pre).
[[0;32m  OK  [0m] Reached target Local File Systems.
         Starting ebtables ruleset management...
         Starting Create Volatile Files and Directories...
         Starting AppArmor initialization...
         Starting Tell Plymouth To Write Out Runtime Data...
         Starting Commit a transient machine-id on disk...
         Starting Set console font and keymap...
[[0;32m  OK  [0m] Started Dispatch Password Requests to Console Directory Watch.
[[0;32m  OK  [0m] Reached target Local Encrypted Volumes.
[[0;32m  OK  [0m] Started Tell Plymouth To Write Out Runtime Data.
[[0;32m  OK  [0m] Started Create Volatile Files and Directories.
         Starting Update UTMP about System Boot/Shutdown...
[[0;32m  OK  [0m] Started Update UTMP about System Boot/Shutdown.
[[0;32m  OK  [0m] Started Commit a transient machine-id on disk.
[[0;32m  OK  [0m] Started ebtables ruleset management.
[[0;32m  OK  [0m] Started AppArmor initialization.
         Starting Load AppArmor profiles managed internally by snapd...
         Starting Initial cloud-init job (pre-networking)...
[[0;32m  OK  [0m] Started Load AppArmor profiles managed internally by snapd.
[[0;32m  OK  [0m] Started Set console font and keymap.
[   13.465070] cloud-init[868]: Cloud-init v. 23.1.2-0ubuntu0~18.04.1 running 'init-local' at Wed, 04 Sep 2024 08:28:34 +0000. Up 13.19 seconds.
[[0;32m  OK  [0m] Started Initial cloud-init job (pre-networking).
[[0;32m  OK  [0m] Reached target Network (Pre).
         Starting Network Service...
[[0;32m  OK  [0m] Started Network Service.
         Starting Wait for Network to be Configured...
         Starting Network Name Resolution...
[[0;32m  OK  [0m] Started Network Name Resolution.
[[0;32m  OK  [0m] Reached target Host and Network Name Lookups.
[[0;32m  OK  [0m] Reached target Network.
[[0;32m  OK  [0m] Started Wait for Network to be Configured.
         Starting Initial cloud-init job (metadata service crawler)...
[   15.527132] cloud-init[1008]: Cloud-init v. 23.1.2-0ubuntu0~18.04.1 running 'init' at Wed, 04 Sep 2024 08:28:36 +0000. Up 15.41 seconds.
[   15.529156] cloud-init[1008]: ci-info: ++++++++++++++++++++++++++++++++++++++Net device info+++++++++++++++++++++++++++++++++++++++
[   15.541668] cloud-init[1008]: ci-info: +--------+-------+----------------------------+---------------+--------+-------------------+
[   15.542708] cloud-init[1008]: ci-info: | Device |   Up  |          Address           |      Mask     | Scope  |     Hw-Address    |
[   15.552401] cloud-init[1008]: ci-info: +--------+-------+----------------------------+---------------+--------+-------------------+
[   15.553547] cloud-init[1008]: ci-info: | enp0s3 |  True |         10.0.2.15          | 255.255.255.0 | global | 02:3b:7b:b7:3b:2d |
[   15.554827] cloud-init[1008]: ci-info: | enp0s3 |  True | fe80::3b:7bff:feb7:3b2d/64 |       .       |  link  | 02:3b:7b:b7:3b:2d |
[   15.555986] cloud-init[1008]: ci-info: | enp0s8 | False |             .              |       .       |   .    | 08:00:27:8d:f6:e7 |
[   15.557396] cloud-init[1008]: ci-info: |   lo   |  True |         127.0.0.1          |   255.0.0.0   |  host  |         .         |
[   15.558811] cloud-init[1008]: ci-info: |   lo   |  True |          ::1/128           |       .       |  host  |         .         |
[   15.559893] cloud-init[1008]: ci-info: +--------+-------+----------------------------+---------------+--------+-------------------+
[   15.561060] cloud-init[1008]: ci-info: ++++++++++++++++++++++++++++Route IPv4 info+++++++++++++++++++++++++++++
[   15.562242] cloud-init[1008]: ci-info: +-------+-------------+----------+-----------------+-----------+-------+
[   15.563240] cloud-init[1008]: ci-info: | Route | Destination | Gateway  |     Genmask     | Interface | Flags |
[   15.564238] cloud-init[1008]: ci-info: +-------+-------------+----------+-----------------+-----------+-------+
[   15.565732] cloud-init[1008]: ci-info: |   0   |   0.0.0.0   | 10.0.2.2 |     0.0.0.0     |   enp0s3  |   UG  |
[   15.566603] cloud-init[1008]: ci-info: |   1   |   10.0.2.0  | 0.0.0.0  |  255.255.255.0  |   enp0s3  |   U   |
[   15.567477] cloud-init[1008]: ci-info: |   2   |   10.0.2.2  | 0.0.0.0  | 255.255.255.255 |   enp0s3  |   UH  |
[   15.568331] cloud-init[1008]: ci-info: +-------+-------------+----------+-----------------+-----------+-------+
[   15.569177] cloud-init[1008]: ci-info: +++++++++++++++++++Route IPv6 info+++++++++++++++++++
[   15.569889] cloud-init[1008]: ci-info: +-------+-------------+---------+-----------+-------+
[   15.570599] cloud-init[1008]: ci-info: | Route | Destination | Gateway | Interface | Flags |
[   15.571302] cloud-init[1008]: ci-info: +-------+-------------+---------+-----------+-------+
[   15.572027] cloud-init[1008]: ci-info: |   1   |  fe80::/64  |    ::   |   enp0s3  |   U   |
[   15.572780] cloud-init[1008]: ci-info: |   3   |    local    |    ::   |   enp0s3  |   U   |
[   15.573503] cloud-init[1008]: ci-info: |   4   |   ff00::/8  |    ::   |   enp0s3  |   U   |
[   15.574244] cloud-init[1008]: ci-info: +-------+-------------+---------+-----------+-------+
[   16.027575] cloud-init[1008]: Generating public/private rsa key pair.
[   16.040197] cloud-init[1008]: Your identification has been saved in /etc/ssh/ssh_host_rsa_key.
[   16.052830] cloud-init[1008]: Your public key has been saved in /etc/ssh/ssh_host_rsa_key.pub.
[[0;32m  OK  [0m] Started Initial cloud-init job (metadata service crawler).
[   16.064870] cloud-init[1008]: The key fingerprint is:
[   16.066001] cloud-init[1008]: SHA256:8mshie1YQ0gpfo4I/EKNeWkXnHxxUREFFAcBx/AeB9E root@ubuntu-bionic
[[   16.076933] [0;32m  OK  [0mcloud-init] [1008]: Reached target Cloud-config availability.The key's randomart image is:

[[   16.077012] cloud-init[1008]: +---[RSA 2048]----+
[   16.078010] cloud-init[1008]: |    o....=B&@o   |
[   16.078288] cloud-init[1008]: |  . o= .. o.oE   |
[   16.078597] cloud-init[1008]: |..+o..o    o .   |
[   16.078889] cloud-init[1008]: |.=.=o..   . o    |
[   16.079219] cloud-init[1008]: |o.++.+..S  .     |
[   16.079516] cloud-init[1008]: |....o *o.        |
[   16.079820] cloud-init[1008]: |  .  + o..       |
[   16.080255] cloud-init[1008]: |    . . ..       |
[   16.080559] cloud-init[1008]: |       ..        |
[   16.080825] cloud-init[1008]: +----[SHA256]-----+
[   16.080852] cloud-init[1008]: Generating public/private dsa key pair.
[0;32m  OK  [0m] Reached target Network is Online.
[   16.080879] cloud-init[1008]: Your identification has been saved in /etc/ssh/ssh_host_dsa_key.
[[0;32m  OK  [0m] Reached target Remote File Systems (Pre).
[   16.093508] cloud-init[1008]: Your public key has been saved in /etc/ssh/ssh_host_dsa_key.pub.
[   16.094394] cloud-init[1008]: The key fingerprint is:
[   16.094441] cloud-init[1008]: SHA256:E0iv+M5RARSRBf62XytkaLmJDsgrb3KbVW97lHw0Uaw root@ubuntu-bionic
[   16.094871] cloud-init[1008]: The key's randomart image is:
[   16.095169] cloud-init[1008]: +---[DSA 1024]----+
[   16.095473] cloud-init[1008]: |     .B*.    o.  |
[   16.095772] cloud-init[1008]: |     o.+    . .  |
[   16.096189] cloud-init[1008]: |      o +    o   |
[   16.096385] cloud-init[1008]: |     . o o  E    |
[   16.096698] cloud-init[1008]: |    . o S+ o .   |
[   16.097009] cloud-init[1008]: | . . o ++o* .    |
[   16.097322] cloud-init[1008]: |  o o oo+* ..    |
[   16.097639] cloud-init[1008]: |o o+ +.oooo. .   |
[   16.097947] cloud-init[1008]: | *=. .+ .....    |
[   16.098258] cloud-init[1008]: +----[SHA256]-----+
[   16.098569] cloud-init[1008]: Generating public/private ecdsa key pair.
[   16.098884] cloud-init[1008]: Your identification has been saved in /etc/ssh/ssh_host_ecdsa_key.
[   16.099201] cloud-init[1008]: Your public key has been saved in /etc/ssh/ssh_host_ecdsa_key.pub.
[   16.099512] cloud-init[1008]: The key fingerprint is:
[   16.099715] cloud-init[1008]: SHA256:dWFFo37uKpngZFEb3jmcYkElVRl20PjlRgKaJ2fuxWg root@ubuntu-bionic
[   16.100025] cloud-init[1008]: The key's randomart image is:
[   16.100362] cloud-init[1008]: +---[ECDSA 256]---+
[   16.100650] cloud-init[1008]: |         .oo*=O*.|
[   16.100956] cloud-init[1008]: |          += ++o+|
[   16.101255] cloud-init[1008]: |         o=**o =.|
[   16.101558] cloud-init[1008]: |        ..=O*o  +|
[   16.101862] cloud-init[1008]: |        So .E.+. |
[   16.102187] cloud-init[1008]: |        +  o +   |
[   16.102498] cloud-init[1008]: |       + . o. .  |
[   16.102809] cloud-init[1008]: |        . +  .   |
[   16.103013] cloud-init[1008]: |           ....  |
[   16.103318] cloud-init[1008]: +----[SHA256]-----+
[   16.103630] cloud-init[1008]: Generating public/private ed25519 key pair.
[   16.103940] cloud-init[1008]: Your identification has been saved in /etc/ssh/ssh_host_ed25519_key.
[   16.104366] cloud-init[1008]: Your public key has been saved in /etc/ssh/ssh_host_ed25519_key.pub.
[   16.104658] cloud-init[1008]: The key fingerprint is:
[   16.104970] cloud-init[1008]: SHA256:6F1sntAbC3q3Ugxk5Bxn670NmUpYssHQgiYqWDDCqdk root@ubuntu-bionic
[   16.105280] cloud-init[1008]: The key's randomart image is:
[   16.105592] cloud-init[1008]: +--[ED25519 256]--+
[   16.105800] cloud-init[1008]: |=..  ..oo o      |
[   16.106127] cloud-init[1008]: |.+o o .=++ .     |
[   16.106330] cloud-init[1008]: |o= o   +* o      |
[   16.106637] cloud-init[1008]: |* E    ..X . o   |
[   16.106948] cloud-init[1008]: |.     . SoO =    |
[   16.107255] cloud-init[1008]: |     . o Bo* +   |
[   16.107565] cloud-init[1008]: |      o o.B . .  |
[   16.107875] cloud-init[1008]: |       ... .     |
[   16.108318] cloud-init[1008]: |         ..      |
[   16.108605] cloud-init[1008]: +----[SHA256]-----+
[[0;32m  OK  [0m] Reached target Remote File Systems.
         Starting Availability of block devices...
[[0;32m  OK  [0m] Reached target System Initialization.
[[0;32m  OK  [0m] Started Ubuntu Advantage Timer for running repeated jobs.
[[0;32m  OK  [0m] Listening on D-Bus System Message Bus Socket.
[[0;32m  OK  [0m] Listening on cloud-init hotplug hook socket.
[[0;32m  OK  [0m] Started Daily Cleanup of Temporary Directories.
[[0;32m  OK  [0m] Started Daily apt download activities.
[[0;32m  OK  [0m] Started Daily apt upgrade and clean activities.
         Starting Socket activation for snappy daemon.
[[0;32m  OK  [0m] Started ACPI Events Check.
[[0;32m  OK  [0m] Listening on Open-iSCSI iscsid Socket.
[[0;32m  OK  [0m] Started Message of the Day.
[[0;32m  OK  [0m] Listening on UUID daemon activation socket.
[[0;32m  OK  [0m] Started Discard unused blocks once a week.
[[0;32m  OK  [0m] Listening on ACPID Listen Socket.
[[0;32m  OK  [0m] Reached target Paths.
[[0;32m  OK  [0m] Reached target Timers.
         Starting LXD - unix socket.
[[0;32m  OK  [0m] Started Availability of block devices.
[[0;32m  OK  [0m] Listening on Socket activation for snappy daemon.
[[0;32m  OK  [0m] Listening on LXD - unix socket.
[[[0;32m  OK  [0m] Stopped target Timers.
[[0;32m  OK  [0m] Stopped Discard unused blocks once a week.
[[0;32m  OK  [0m] Stopped Daily Cleanup of Temporary Directories.
         Stopping Session 15 of user vagrant.
         Stopping Authorization Manager...
[[0;32m  OK  [0m] Stopped target Cloud-init target.
[[0;32m  OK  [0m] Stopped Ubuntu Advantage Timer for running repeated jobs.
[[0;32m  OK  [0m] Closed Load/Save RF Kill Switch Status /dev/rfkill Watch.
[[0;32m  OK  [0m] Stopped target Graphical Interface.
[[0;32m  OK  [0m] Stopped Daily apt upgrade and clean activities.
[[0;32m  OK  [0m] Stopped Daily apt download activities.
         Stopping Availability of block devices...
         Stopping Session 14 of user vagrant.
         Stopping User Manager for UID 1000...
[[0;32m  OK  [0m] Stopped Message of the Day.
[[0;32m  OK  [0m] Stopped target System Time Synchronized.
         Stopping Session 13 of user vagrant.
[[0;32m  OK  [0m] Stopped Execute cloud user/final scripts.
[[0;32m  OK  [0m] Stopped target Multi-User System.
         Stopping Deferred execution scheduler...
         Stopping FUSE filesystem for LXC...
         Stopping LSB: Record successful boot for GRUB...
         Stopping D-Bus System Message Bus...
[[0;32m  OK  [0m] Stopped target Login Prompts.
         Stopping Serial Getty on ttyS0...
         Stopping Dispatcher daemon for systemd-networkd...
         Stopping Virtualbox guest utils...
         Stopping irqbalance daemon...
         Stopping Regular background program processing daemon...
         Stopping System Logging Service...
         Stopping OpenBSD Secure Shell server...
[[0;32m  OK  [0m] Stopped Apply the settings specified in cloud-config.
[[0;32m  OK  [0m] Stopped Wait until snapd is fully seeded.
[[0;32m  OK  [0m] Stopped target Cloud-config availability.
         Stopping Getty on tty1...
         Stopping LXD - container startup/shutdown...
         Stopping LSB: automatic crash report generation...
         Stopping Session 10 of user vagrant.
         Stopping Accounts Service...
         Stopping Session 12 of user vagrant.
         Stopping The Apache HTTP Server...
[[0;32m  OK  [0m] Unmounted /var/lib/lxcfs.
[[0;32m  OK  [0m] Stopped Deferred execution scheduler.
[[0;32m  OK  [0m] Stopped Dispatcher daemon for systemd-networkd.
[[0;32m  OK  [0m] Stopped System Logging Service.
[[0;32m  OK  [0m] Stopped Regular background program processing daemon.
[[0;32m  OK  [0m] Stopped Accounts Service.
[[0;32m  OK  [0m] Stopped irqbalance daemon.
[[0;32m  OK  [0m] Stopped Serial Getty on ttyS0.
[[0;32m  OK  [0m] Stopped OpenBSD Secure Shell server.
[[0;32m  OK  [0m] Stopped Getty on tty1.
[[0;32m  OK  [0m] Stopped Authorization Manager.
[[0;32m  OK  [0m] Stopped User Manager for UID 1000.
[[0;32m  OK  [0m] Stopped Availability of block devices.
[[0;32m  OK  [0m] Stopped D-Bus System Message Bus.
[[0;32m  OK  [0m] Stopped FUSE filesystem for LXC.
[[0;32m  OK  [0m] Stopped Session 13 of user vagrant.
[[0;32m  OK  [0m] Stopped Session 15 of user vagrant.
[[0;32m  OK  [0m] Stopped LXD - container startup/shutdown.
[[0;32m  OK  [0m] Stopped LSB: Record successful boot for GRUB.
[[0;32m  OK  [0m] Stopped Session 14 of user vagrant.
[[0;32m  OK  [0m] Removed slice system-getty.slice.
[[0;32m  OK  [0m] Stopped target Login Prompts (Pre).
[[0;32m  OK  [0m] Removed slice system-serial\x2dgetty.slice.
[[0;32m  OK  [0m] Stopped Virtualbox guest utils.
[[0;32m  OK  [0m] Stopped LSB: automatic crash report generation.
[[0;32m  OK  [0m] Stopped Session 12 of user vagrant.
[[0;32m  OK  [0m] Stopped Session 10 of user vagrant.
[[0;32m  OK  [0m] Removed slice User Slice of vagrant.
         Stopping Permit User Sessions...
         Stopping Login Service...
[[0;32m  OK  [0m] Stopped The Apache HTTP Server.
[[0;32m  OK  [0m] Stopped Permit User Sessions.
[[0;32m  OK  [0m] Stopped target Host and Network Name Lookups.
[[0;32m  OK  [0m] Stopped target Remote File Systems.
         Unmounting /vagrant...
[[0;32m  OK  [0m] Unmounted /vagrant.
[[0;32m  OK  [0m] Stopped target Network is Online.
[[0;32m  OK  [0m] Stopped target Network.
         Stopping Network Name Resolution...
[[0;32m  OK  [0m] Stopped target Remote File Systems (Pre).
[[0;32m  OK  [0m] Stopped Network Name Resolution.
         Stopping Network Service...
[[0;32m  OK  [0m] Stopped Login Service.
[[0;32m  OK  [0m] Stopped target User and Group Name Lookups.
[[0;32m  OK  [0m] Stopped target Basic System.
[[0;32m  OK  [0m] Stopped target Sockets.
[[0;32m  OK  [0m] Closed Open-iSCSI iscsid Socket.
[[0;32m  OK  [0m] Closed LXD - unix socket.
[[0;32m  OK  [0m] Closed Socket activation for snappy daemon.
[[0;32m  OK  [0m] Closed ACPID Listen Socket.
[[0;32m  OK  [0m] Closed UUID daemon activation socket.
[[0;32m  OK  [0m] Closed cloud-init hotplug hook socket.
[[0;32m  OK  [0m] Closed D-Bus System Message Bus Socket.
[[0;32m  OK  [0m] Closed Syslog Socket.
[[0;32m  OK  [0m] Stopped target Slices.
[[0;32m  OK  [0m] Removed slice User and Session Slice.
[[0;32m  OK  [0m] Stopped target Paths.
[[0;32m  OK  [0m] Stopped ACPI Events Check.
[[0;32m  OK  [0m] Stopped target System Initialization.
[[0;32m  OK  [0m] Stopped Initial cloud-init job (metadata service crawler).
[[0;32m  OK  [0m] Stopped target Local Encrypted Volumes.
[[0;32m  OK  [0m] Stopped Forward Password Requests to Wall Directory Watch.
         Stopping Update UTMP about System Boot/Shutdown...
         Stopping Load/Save Random Seed...
[[0;32m  OK  [0m] Stopped Dispatch Password Requests to Console Directory Watch.
[[0;32m  OK  [0m] Stopped Network Service.
[[0;32m  OK  [0m] Stopped Apply Kernel Variables.
[[0;32m  OK  [0m] Stopped Load Kernel Modules.
[[0;32m  OK  [0m] Stopped target Network (Pre).
[[0;32m  OK  [0m] Stopped Initial cloud-init job (pre-networking).
[[0;32m  OK  [0m] Stopped Update UTMP about System Boot/Shutdown.
[[0;32m  OK  [0m] Stopped Create Volatile Files and Directories.
[[0;32m  OK  [0m] Stopped target Local File Systems.
[[0;32m  OK  [0m] Stopped target Mounted snaps.
[[0;32m  OK  [0m] Stopped target Mounting snaps.
         Unmounting /run/user/1000...
[[0;32m  OK  [0m] Stopped Load/Save Random Seed.
[[0;32m  OK  [0m] Unmounted /run/user/1000.
[[0;32m  OK  [0m] Reached target Unmount All Filesystems.
[[0;32m  OK  [0m] Stopped target Swap.
[[0;32m  OK  [0m] Stopped target Local File Systems (Pre).
[[0;32m  OK  [0m] Stopped Remount Root and Kernel File Systems.
         Stopping Monitoring of LVM2 mirrors…ng dmeventd or progress polling...
[[0;32m  OK  [0m] Stopped Create Static Device Nodes in /dev.
[[0;32m  OK  [0m] Reached target Shutdown.
[[0;32m  OK  [0m] Reached target Final Step.
         Starting Power-Off...
[ 6226.017821] reboot: Power down
  Stopping Serial Getty on ttyS0...
         Stopping Getty on tty1...
         Stopping LSB: automatic crash report generation...
         Stopping Virtualbox guest utils...
         Stopping System Logging Service...
         Stopping Deferred execution scheduler...
         Stopping OpenBSD Secure Shell server...
         Stopping irqbalance daemon...
[[0;32m  OK  [0m] Stopped target Cloud-config availability.
[[0;32m  OK  [0m] Unmounted /var/lib/lxcfs.
[[0;32m  OK  [0m] Stopped irqbalance daemon.
[[0;32m  OK  [0m] Stopped Regular background program processing daemon.
[[0;32m  OK  [0m] Stopped Accounts Service.
[[0;32m  OK  [0m] Stopped Dispatcher daemon for systemd-networkd.
[[0;32m  OK  [0m] Stopped System Logging Service.
[[0;32m  OK  [0m] Stopped Deferred execution scheduler.
[[0;32m  OK  [0m] Stopped Serial Getty on ttyS0.
[[0;32m  OK  [0m] Stopped Getty on tty1.
[[0;32m  OK  [0m] Stopped OpenBSD Secure Shell server.
[[0;32m  OK  [0m] Stopped User Manager for UID 1000.
[[0;32m  OK  [0m] Stopped Authorization Manager.
[[0;32m  OK  [0m] Stopped D-Bus System Message Bus.
[[0;32m  OK  [0m] Stopped FUSE filesystem for LXC.
[[0;32m  OK  [0m] Stopped Session 32 of user vagrant.
[[0;32m  OK  [0m] Removed slice User Slice of vagrant.
         Stopping Login Service...
[[0;32m  OK  [0m] Removed slice system-getty.slice.
[[0;32m  OK  [0m] Stopped target Login Prompts (Pre).
         Stopping Permit User Sessions...
[[0;32m  OK  [0m] Removed slice system-serial\x2dgetty.slice.
[[0;32m  OK  [0m] Stopped LXD - container startup/shutdown.
[[0;32m  OK  [0m] Stopped LSB: Record successful boot for GRUB.
[[0;32m  OK  [0m] Stopped Permit User Sessions.
[[0;32m  OK  [0m] Stopped Availability of block devices.
[[0;32m  OK  [0m] Stopped LSB: automatic crash report generation.
[[0;32m  OK  [0m] Stopped Virtualbox guest utils.
[[0;32m  OK  [0m] Stopped The Apache HTTP Server.
[[0;32m  OK  [0m] Stopped target Remote File Systems.
         Unmounting /vagrant...
[[0;32m  OK  [0m] Stopped target Host and Network Name Lookups.
[[0;32m  OK  [0m] Unmounted /vagrant.
[[0;32m  OK  [0m] Stopped target Remote File Systems (Pre).
[[0;32m  OK  [0m] Stopped target Network is Online.
[[0;32m  OK  [0m] Stopped target Network.
         Stopping Network Name Resolution...
[[0;32m  OK  [0m] Stopped Login Service.
[[0;32m  OK  [0m] Stopped target User and Group Name Lookups.
[[0;32m  OK  [0m] Stopped target Basic System.
[[0;32m  OK  [0m] Stopped target Paths.
[[0;32m  OK  [0m] Stopped ACPI Events Check.
[[0;32m  OK  [0m] Stopped target Sockets.
[[0;32m  OK  [0m] Closed cloud-init hotplug hook socket.
[[0;32m  OK  [0m] Closed UUID daemon activation socket.
[[0;32m  OK  [0m] Closed ACPID Listen Socket.
[[0;32m  OK  [0m] Closed Syslog Socket.
[[0;32m  OK  [0m] Closed Socket activation for snappy daemon.
[[0;32m  OK  [0m] Closed D-Bus System Message Bus Socket.
[[0;32m  OK  [0m] Closed LXD - unix socket.
[[0;32m  OK  [0m] Closed Open-iSCSI iscsid Socket.
[[0;32m  OK  [0m] Stopped target System Initialization.
         Stopping Update UTMP about System Boot/Shutdown...
[[0;32m  OK  [0m] Stopped target Local Encrypted Volumes.
[[0;32m  OK  [0m] Stopped Dispatch Password Requests to Console Directory Watch.
[[0;32m  OK  [0m] Stopped Forward Password Requests to Wall Directory Watch.
[[0;32m  OK  [0m] Stopped Commit a transient machine-id on disk.
         Stopping Load/Save Random Seed...
[[0;32m  OK  [0m] Stopped Initial cloud-init job (metadata service crawler).
[[0;32m  OK  [0m] Stopped target Slices.
[[0;32m  OK  [0m] Removed slice User and Session Slice.
[[0;32m  OK  [0m] Stopped Network Name Resolution.
[[0;32m  OK  [0m] Stopped Load/Save Random Seed.
         Stopping Network Service...
[[0;32m  OK  [0m] Stopped Update UTMP about System Boot/Shutdown.
[[0;32m  OK  [0m] Stopped Create Volatile Files and Directories.
[[0;32m  OK  [0m] Stopped target Local File Systems.
         Unmounting /run/user/1000...
[[0;32m  OK  [0m] Stopped target Mounted snaps.
[[0;32m  OK  [0m] Stopped target Mounting snaps.
[[0;32m  OK  [0m] Stopped Network Service.
[[0;32m  OK  [0m] Stopped target Network (Pre).
[[0;32m  OK  [0m] Stopped Initial cloud-init job (pre-networking).
[[0;32m  OK  [0m] Stopped Apply Kernel Variables.
[[0;32m  OK  [0m] Stopped Load Kernel Modules.
[[0;32m  OK  [0m] Unmounted /run/user/1000.
[[0;32m  OK  [0m] Reached target Unmount All Filesystems.
[[0;32m  OK  [0m] Stopped target Swap.
[[0;32m  OK  [0m] Stopped target Local File Systems (Pre).
         Stopping Monitoring of LVM2 mirrors…ng dmeventd or progress polling...
[[0;32m  OK  [0m] Stopped Remount Root and Kernel File Systems.
[[0;32m  OK  [0m] Stopped Create Static Device Nodes in /dev.
[[0;32m  OK  [0m] Reached target Shutdown.
[[0;32m  OK  [0m] Reached target Final Step.
         Starting Power-Off...
[ 6188.815971] reboot: Power down
y Kernel Variables.
[[0;32m  OK  [0m] Stopped Load Kernel Modules.
[[0;32m  OK  [0m] Reached target Shutdown.
[[0;32m  OK  [0m] Reached target Final Step.
         Starting Power-Off...
[ 6130.748565] reboot: Power down
